2015-03-08 20:48:49+0800 [scrapy] INFO: Scrapy 0.24.4 started (bot: douban)
2015-03-08 20:48:49+0800 [scrapy] INFO: Optional features available: ssl, http11
2015-03-08 20:48:49+0800 [scrapy] INFO: Overridden settings: {'NEWSPIDER_MODULE': 'douban.spiders', 'SPIDER_MODULES': ['douban.spiders'], 'LOG_FILE': '/Users/batulu/PycharmProjects/douban/douban/log/douban.log', 'BOT_NAME': 'douban'}
2015-03-08 20:48:49+0800 [scrapy] INFO: Enabled extensions: LogStats, TelnetConsole, CloseSpider, WebService, CoreStats, SpiderState
2015-03-08 20:49:22+0800 [scrapy] INFO: Scrapy 0.24.4 started (bot: douban)
2015-03-08 20:49:22+0800 [scrapy] INFO: Optional features available: ssl, http11
2015-03-08 20:49:22+0800 [scrapy] INFO: Overridden settings: {'NEWSPIDER_MODULE': 'douban.spiders', 'SPIDER_MODULES': ['douban.spiders'], 'LOG_FILE': '/Users/batulu/PycharmProjects/douban/douban/log/douban.log', 'BOT_NAME': 'douban'}
2015-03-08 20:49:22+0800 [scrapy] INFO: Enabled extensions: LogStats, TelnetConsole, CloseSpider, WebService, CoreStats, SpiderState
2015-03-08 20:49:22+0800 [scrapy] INFO: Enabled downloader middlewares: HttpAuthMiddleware, DownloadTimeoutMiddleware, UserAgentMiddleware, CustomRetryMiddleware, ProxyMiddleware, RotateUserAgentMiddleware, DefaultHeadersMiddleware, MetaRefreshMiddleware, HttpCompressionMiddleware, RedirectMiddleware, CookiesMiddleware, ChunkedTransferMiddleware, DownloaderStats
2015-03-08 20:49:22+0800 [scrapy] INFO: Enabled spider middlewares: HttpErrorMiddleware, OffsiteMiddleware, RefererMiddleware, UrlLengthMiddleware, DepthMiddleware
2015-03-08 20:49:22+0800 [scrapy] INFO: Enabled item pipelines: 
2015-03-08 20:49:22+0800 [douban] INFO: Spider opened
2015-03-08 20:49:22+0800 [douban] INFO: Crawled 0 pages (at 0 pages/min), scraped 0 items (at 0 items/min)
2015-03-08 20:49:22+0800 [scrapy] DEBUG: Telnet console listening on 127.0.0.1:6023
2015-03-08 20:49:22+0800 [scrapy] DEBUG: Web service listening on 127.0.0.1:6080
2015-03-08 20:49:22+0800 [scrapy] NOLEVEL: Current UserAgent: Mozilla/5.0 (Windows NT 6.2; WOW64) AppleWebKit/537.1 (KHTML, like Gecko) Chrome/19.77.34.5 Safari/537.1
2015-03-08 20:49:22+0800 [scrapy] NOLEVEL: Current UserAgent: Mozilla/5.0 (Windows NT 6.2) AppleWebKit/536.3 (KHTML, like Gecko) Chrome/19.0.1061.0 Safari/536.3
2015-03-08 20:49:22+0800 [scrapy] NOLEVEL: Current UserAgent: Mozilla/5.0 (Windows NT 6.2) AppleWebKit/536.3 (KHTML, like Gecko) Chrome/19.0.1061.1 Safari/536.3
2015-03-08 20:49:22+0800 [scrapy] NOLEVEL: Current UserAgent: Mozilla/5.0 (Macintosh; Intel Mac OS X 10_8_0) AppleWebKit/536.3 (KHTML, like Gecko) Chrome/19.0.1063.0 Safari/536.3
2015-03-08 20:49:22+0800 [scrapy] NOLEVEL: Current UserAgent: Mozilla/5.0 (Windows NT 6.1; WOW64) AppleWebKit/536.3 (KHTML, like Gecko) Chrome/19.0.1062.0 Safari/536.3
2015-03-08 20:49:22+0800 [scrapy] NOLEVEL: Current UserAgent: Mozilla/5.0 (Windows NT 5.1) AppleWebKit/536.3 (KHTML, like Gecko) Chrome/19.0.1063.0 Safari/536.3
2015-03-08 20:49:22+0800 [scrapy] NOLEVEL: Current UserAgent: Mozilla/5.0 (Windows NT 6.2) AppleWebKit/536.3 (KHTML, like Gecko) Chrome/19.0.1061.0 Safari/536.3
2015-03-08 20:49:22+0800 [scrapy] NOLEVEL: Current UserAgent: Mozilla/5.0 (Windows NT 6.2; WOW64) AppleWebKit/535.24 (KHTML, like Gecko) Chrome/19.0.1055.1 Safari/535.24
2015-03-08 20:49:22+0800 [scrapy] NOLEVEL: Current UserAgent: Mozilla/5.0 (Windows NT 6.1) AppleWebKit/536.3 (KHTML, like Gecko) Chrome/19.0.1061.1 Safari/536.3
2015-03-08 20:49:22+0800 [scrapy] NOLEVEL: Current UserAgent: Mozilla/5.0 (Windows NT 6.2; WOW64) AppleWebKit/537.1 (KHTML, like Gecko) Chrome/19.77.34.5 Safari/537.1
2015-03-08 20:49:22+0800 [scrapy] NOLEVEL: Current UserAgent: Mozilla/5.0 (Windows NT 6.0) AppleWebKit/536.5 (KHTML, like Gecko) Chrome/19.0.1084.36 Safari/536.5
2015-03-08 20:49:22+0800 [scrapy] NOLEVEL: Current UserAgent: Mozilla/5.0 (Windows NT 6.2; WOW64) AppleWebKit/535.24 (KHTML, like Gecko) Chrome/19.0.1055.1 Safari/535.24
2015-03-08 20:49:22+0800 [scrapy] NOLEVEL: Current UserAgent: Mozilla/5.0 (Windows NT 6.1; WOW64) AppleWebKit/536.3 (KHTML, like Gecko) Chrome/19.0.1062.0 Safari/536.3
2015-03-08 20:49:22+0800 [scrapy] NOLEVEL: Current UserAgent: Mozilla/5.0 (Windows NT 6.1; WOW64) AppleWebKit/536.6 (KHTML, like Gecko) Chrome/20.0.1092.0 Safari/536.6
2015-03-08 20:49:22+0800 [scrapy] NOLEVEL: Current UserAgent: Mozilla/5.0 (Windows NT 6.2) AppleWebKit/536.3 (KHTML, like Gecko) Chrome/19.0.1061.1 Safari/536.3
2015-03-08 20:49:22+0800 [scrapy] NOLEVEL: Current UserAgent: Mozilla/5.0 (Windows NT 6.2; WOW64) AppleWebKit/537.1 (KHTML, like Gecko) Chrome/19.77.34.5 Safari/537.1
2015-03-08 20:49:27+0800 [douban] DEBUG: Crawled (200) <GET http://beijing.douban.com/events/week-travel> (referer: None)
2015-03-08 20:49:27+0800 [scrapy] NOLEVEL: Current UserAgent: Mozilla/5.0 (Windows NT 6.1; WOW64) AppleWebKit/536.6 (KHTML, like Gecko) Chrome/20.0.1092.0 Safari/536.6
2015-03-08 20:49:30+0800 [douban] DEBUG: Crawled (200) <GET http://beijing.douban.com/events/week-party> (referer: None)
2015-03-08 20:49:30+0800 [scrapy] NOLEVEL: Current UserAgent: Mozilla/5.0 (Windows NT 6.1; WOW64) AppleWebKit/536.3 (KHTML, like Gecko) Chrome/19.0.1062.0 Safari/536.3
2015-03-08 20:49:37+0800 [douban] DEBUG: Crawled (200) <GET http://beijing.douban.com/events/week-salon> (referer: None)
2015-03-08 20:49:37+0800 [scrapy] NOLEVEL: Current UserAgent: Mozilla/5.0 (Windows NT 6.2; WOW64) AppleWebKit/535.24 (KHTML, like Gecko) Chrome/19.0.1055.1 Safari/535.24
2015-03-08 20:49:44+0800 [douban] DEBUG: Crawled (200) <GET http://beijing.douban.com/events/week-travel?start=10> (referer: http://beijing.douban.com/events/week-travel)
2015-03-08 20:49:44+0800 [scrapy] NOLEVEL: Current UserAgent: Mozilla/5.0 (Windows NT 6.2) AppleWebKit/536.6 (KHTML, like Gecko) Chrome/20.0.1090.0 Safari/536.6
2015-03-08 20:49:46+0800 [douban] DEBUG: Gave up retrying <GET http://shanghai.douban.com/events/week-commonweal> (failed 20 times): Connection was refused by other side: 61: Connection refused.
2015-03-08 20:49:46+0800 [scrapy] NOLEVEL: Current UserAgent: Mozilla/5.0 (Windows NT 6.1; WOW64) AppleWebKit/537.1 (KHTML, like Gecko) Chrome/22.0.1207.1 Safari/537.1
2015-03-08 20:49:46+0800 [douban] ERROR: Error downloading <GET http://shanghai.douban.com/events/week-commonweal>: Connection was refused by other side: 61: Connection refused.
2015-03-08 20:50:22+0800 [douban] INFO: Crawled 4 pages (at 4 pages/min), scraped 0 items (at 0 items/min)
2015-03-08 20:50:36+0800 [douban] DEBUG: Gave up retrying <GET http://shanghai.douban.com/events/week-party> (failed 20 times): Connection was refused by other side: 61: Connection refused.
2015-03-08 20:50:36+0800 [douban] ERROR: Error downloading <GET http://shanghai.douban.com/events/week-party>: Connection was refused by other side: 61: Connection refused.
2015-03-08 20:50:36+0800 [scrapy] NOLEVEL: Current UserAgent: Mozilla/5.0 (X11; Linux x86_64) AppleWebKit/536.5 (KHTML, like Gecko) Chrome/19.0.1084.9 Safari/536.5
2015-03-08 20:50:38+0800 [douban] DEBUG: Gave up retrying <GET http://shanghai.douban.com/events/week-music> (failed 20 times): TCP connection timed out: 60: Operation timed out.
2015-03-08 20:50:38+0800 [douban] ERROR: Error downloading <GET http://shanghai.douban.com/events/week-music>: TCP connection timed out: 60: Operation timed out.
2015-03-08 20:50:38+0800 [scrapy] NOLEVEL: Current UserAgent: Mozilla/5.0 (Windows NT 5.1) AppleWebKit/536.3 (KHTML, like Gecko) Chrome/19.0.1063.0 Safari/536.3
2015-03-08 20:50:38+0800 [douban] DEBUG: Crawled (200) <GET http://shanghai.douban.com/events/week-others> (referer: None)
2015-03-08 20:50:38+0800 [scrapy] NOLEVEL: Current UserAgent: Mozilla/5.0 (Windows NT 6.2) AppleWebKit/536.6 (KHTML, like Gecko) Chrome/20.0.1090.0 Safari/536.6
2015-03-08 20:50:39+0800 [douban] DEBUG: Gave up retrying <GET http://beijing.douban.com/events/week-drama> (failed 20 times): TCP connection timed out: 60: Operation timed out.
2015-03-08 20:50:39+0800 [scrapy] NOLEVEL: Current UserAgent: Mozilla/5.0 (Windows NT 6.2) AppleWebKit/536.3 (KHTML, like Gecko) Chrome/19.0.1061.1 Safari/536.3
2015-03-08 20:50:39+0800 [douban] ERROR: Error downloading <GET http://beijing.douban.com/events/week-drama>: TCP connection timed out: 60: Operation timed out.
2015-03-08 20:50:39+0800 [douban] DEBUG: Gave up retrying <GET http://shanghai.douban.com/events/week-drama> (failed 20 times): TCP connection timed out: 60: Operation timed out.
2015-03-08 20:50:39+0800 [douban] ERROR: Error downloading <GET http://shanghai.douban.com/events/week-drama>: TCP connection timed out: 60: Operation timed out.
2015-03-08 20:50:39+0800 [scrapy] NOLEVEL: Current UserAgent: Mozilla/5.0 (X11; Linux x86_64) AppleWebKit/535.24 (KHTML, like Gecko) Chrome/19.0.1055.1 Safari/535.24
2015-03-08 20:50:39+0800 [douban] DEBUG: Gave up retrying <GET http://shanghai.douban.com/events/week-film> (failed 20 times): Connection was refused by other side: 61: Connection refused.
2015-03-08 20:50:39+0800 [douban] ERROR: Error downloading <GET http://shanghai.douban.com/events/week-film>: Connection was refused by other side: 61: Connection refused.
2015-03-08 20:50:39+0800 [scrapy] NOLEVEL: Current UserAgent: Mozilla/5.0 (Windows NT 6.1) AppleWebKit/536.3 (KHTML, like Gecko) Chrome/19.0.1061.1 Safari/536.3
2015-03-08 20:50:40+0800 [douban] DEBUG: Gave up retrying <GET http://beijing.douban.com/events/week-sports> (failed 20 times): TCP connection timed out: 60: Operation timed out.
2015-03-08 20:50:40+0800 [douban] ERROR: Error downloading <GET http://beijing.douban.com/events/week-sports>: TCP connection timed out: 60: Operation timed out.
2015-03-08 20:50:40+0800 [scrapy] NOLEVEL: Current UserAgent: Mozilla/5.0 (X11; Linux x86_64) AppleWebKit/535.24 (KHTML, like Gecko) Chrome/19.0.1055.1 Safari/535.24
2015-03-08 20:50:40+0800 [douban] DEBUG: Gave up retrying <GET http://shanghai.douban.com/events/week-sports> (failed 20 times): TCP connection timed out: 60: Operation timed out.
2015-03-08 20:50:40+0800 [douban] ERROR: Error downloading <GET http://shanghai.douban.com/events/week-sports>: TCP connection timed out: 60: Operation timed out.
2015-03-08 20:50:40+0800 [scrapy] NOLEVEL: Current UserAgent: Mozilla/5.0 (Windows NT 6.1; WOW64) AppleWebKit/537.1 (KHTML, like Gecko) Chrome/22.0.1207.1 Safari/537.1
2015-03-08 20:50:43+0800 [douban] DEBUG: Gave up retrying <GET http://beijing.douban.com/events/week-commonweal> (failed 20 times): TCP connection timed out: 60: Operation timed out.
2015-03-08 20:50:43+0800 [douban] ERROR: Error downloading <GET http://beijing.douban.com/events/week-commonweal>: TCP connection timed out: 60: Operation timed out.
2015-03-08 20:50:43+0800 [scrapy] NOLEVEL: Current UserAgent: Mozilla/5.0 (Windows NT 6.2; WOW64) AppleWebKit/535.24 (KHTML, like Gecko) Chrome/19.0.1055.1 Safari/535.24
2015-03-08 20:50:43+0800 [douban] DEBUG: Gave up retrying <GET http://shanghai.douban.com/events/week-exhibition> (failed 20 times): TCP connection timed out: 60: Operation timed out.
2015-03-08 20:50:43+0800 [douban] ERROR: Error downloading <GET http://shanghai.douban.com/events/week-exhibition>: TCP connection timed out: 60: Operation timed out.
2015-03-08 20:50:43+0800 [scrapy] NOLEVEL: Current UserAgent: Mozilla/5.0 (X11; Linux x86_64) AppleWebKit/535.24 (KHTML, like Gecko) Chrome/19.0.1055.1 Safari/535.24
2015-03-08 20:50:44+0800 [douban] DEBUG: Gave up retrying <GET http://beijing.douban.com/events/week-exhibition> (failed 20 times): TCP connection timed out: 60: Operation timed out.
2015-03-08 20:50:44+0800 [douban] ERROR: Error downloading <GET http://beijing.douban.com/events/week-exhibition>: TCP connection timed out: 60: Operation timed out.
2015-03-08 20:50:44+0800 [scrapy] NOLEVEL: Current UserAgent: Mozilla/5.0 (Windows NT 6.0) AppleWebKit/536.5 (KHTML, like Gecko) Chrome/19.0.1084.36 Safari/536.5
2015-03-08 20:50:47+0800 [douban] DEBUG: Crawled (200) <GET http://guangzhou.douban.com/events/week-party> (referer: None)
2015-03-08 20:50:47+0800 [scrapy] NOLEVEL: Current UserAgent: Mozilla/5.0 (Windows NT 6.2) AppleWebKit/536.3 (KHTML, like Gecko) Chrome/19.0.1061.1 Safari/536.3
2015-03-08 20:50:48+0800 [douban] DEBUG: Gave up retrying <GET http://beijing.douban.com/events/week-film> (failed 20 times): TCP connection timed out: 60: Operation timed out.
2015-03-08 20:50:48+0800 [scrapy] NOLEVEL: Current UserAgent: Mozilla/5.0 (Windows NT 6.1) AppleWebKit/536.3 (KHTML, like Gecko) Chrome/19.0.1061.1 Safari/536.3
2015-03-08 20:50:48+0800 [douban] ERROR: Error downloading <GET http://beijing.douban.com/events/week-film>: TCP connection timed out: 60: Operation timed out.
2015-03-08 20:50:54+0800 [douban] DEBUG: Gave up retrying <GET http://beijing.douban.com/events/week-others> (failed 20 times): [<twisted.python.failure.Failure <class 'twisted.internet.error.ConnectionLost'>>]
2015-03-08 20:50:54+0800 [douban] ERROR: Error downloading <GET http://beijing.douban.com/events/week-others>: [<twisted.python.failure.Failure <class 'twisted.internet.error.ConnectionLost'>>]
2015-03-08 20:50:54+0800 [scrapy] NOLEVEL: Current UserAgent: Mozilla/5.0 (Macintosh; Intel Mac OS X 10_8_0) AppleWebKit/536.3 (KHTML, like Gecko) Chrome/19.0.1063.0 Safari/536.3
2015-03-08 20:50:59+0800 [douban] DEBUG: Crawled (200) <GET http://guangzhou.douban.com/events/week-party?start=10> (referer: http://guangzhou.douban.com/events/week-party)
2015-03-08 20:50:59+0800 [scrapy] NOLEVEL: Current UserAgent: Mozilla/5.0 (Windows NT 5.1) AppleWebKit/536.3 (KHTML, like Gecko) Chrome/19.0.1063.0 Safari/536.3
2015-03-08 20:50:59+0800 [douban] DEBUG: Gave up retrying <GET http://guangzhou.douban.com/events/week-salon> (failed 20 times): Connection was refused by other side: 61: Connection refused.
2015-03-08 20:50:59+0800 [scrapy] NOLEVEL: Current UserAgent: Mozilla/5.0 (Windows NT 6.2) AppleWebKit/536.3 (KHTML, like Gecko) Chrome/19.0.1061.1 Safari/536.3
2015-03-08 20:50:59+0800 [douban] ERROR: Error downloading <GET http://guangzhou.douban.com/events/week-salon>: Connection was refused by other side: 61: Connection refused.
2015-03-08 20:50:59+0800 [douban] DEBUG: Gave up retrying <GET http://beijing.douban.com/events/week-party?start=10> (failed 20 times): TCP connection timed out: 60: Operation timed out.
2015-03-08 20:50:59+0800 [douban] ERROR: Error downloading <GET http://beijing.douban.com/events/week-party?start=10>: TCP connection timed out: 60: Operation timed out.
2015-03-08 20:51:01+0800 [douban] DEBUG: Crawled (200) <GET http://guangzhou.douban.com/events/week-film> (referer: None)
2015-03-08 20:51:01+0800 [scrapy] NOLEVEL: Current UserAgent: Mozilla/5.0 (X11; Linux x86_64) AppleWebKit/536.5 (KHTML, like Gecko) Chrome/19.0.1084.9 Safari/536.5
2015-03-08 20:51:02+0800 [douban] DEBUG: Crawled (200) <GET http://guangzhou.douban.com/events/week-party?start=20> (referer: http://guangzhou.douban.com/events/week-party?start=10)
2015-03-08 20:51:02+0800 [scrapy] NOLEVEL: Current UserAgent: Mozilla/5.0 (X11; CrOS i686 2268.111.0) AppleWebKit/536.11 (KHTML, like Gecko) Chrome/20.0.1132.57 Safari/536.11
2015-03-08 20:51:22+0800 [douban] INFO: Crawled 9 pages (at 5 pages/min), scraped 0 items (at 0 items/min)
2015-03-08 20:51:25+0800 [douban] DEBUG: Crawled (200) <GET http://guangzhou.douban.com/events/week-travel> (referer: None)
2015-03-08 20:51:25+0800 [scrapy] NOLEVEL: Current UserAgent: Mozilla/5.0 (X11; Linux x86_64) AppleWebKit/535.24 (KHTML, like Gecko) Chrome/19.0.1055.1 Safari/535.24
2015-03-08 20:51:28+0800 [douban] DEBUG: Crawled (200) <GET http://guangzhou.douban.com/events/week-party?start=30> (referer: http://guangzhou.douban.com/events/week-party?start=20)
2015-03-08 20:51:28+0800 [scrapy] NOLEVEL: Current UserAgent: Mozilla/5.0 (Windows NT 6.2) AppleWebKit/536.3 (KHTML, like Gecko) Chrome/19.0.1062.0 Safari/536.3
2015-03-08 20:51:36+0800 [douban] DEBUG: Crawled (200) <GET http://guangzhou.douban.com/events/week-travel?start=10> (referer: http://guangzhou.douban.com/events/week-travel)
2015-03-08 20:51:36+0800 [scrapy] NOLEVEL: Current UserAgent: Mozilla/5.0 (Windows NT 6.1; WOW64) AppleWebKit/536.3 (KHTML, like Gecko) Chrome/19.0.1062.0 Safari/536.3
2015-03-08 20:51:54+0800 [douban] DEBUG: Gave up retrying <GET http://guangzhou.douban.com/events/week-music> (failed 20 times): TCP connection timed out: 60: Operation timed out.
2015-03-08 20:51:54+0800 [douban] ERROR: Error downloading <GET http://guangzhou.douban.com/events/week-music>: TCP connection timed out: 60: Operation timed out.
2015-03-08 20:51:55+0800 [douban] DEBUG: Gave up retrying <GET http://beijing.douban.com/events/week-travel?start=20> (failed 20 times): TCP connection timed out: 60: Operation timed out.
2015-03-08 20:51:55+0800 [douban] ERROR: Error downloading <GET http://beijing.douban.com/events/week-travel?start=20>: TCP connection timed out: 60: Operation timed out.
2015-03-08 20:51:55+0800 [douban] DEBUG: Gave up retrying <GET http://guangzhou.douban.com/events/week-drama> (failed 20 times): TCP connection timed out: 60: Operation timed out.
2015-03-08 20:51:55+0800 [douban] ERROR: Error downloading <GET http://guangzhou.douban.com/events/week-drama>: TCP connection timed out: 60: Operation timed out.
2015-03-08 20:51:56+0800 [douban] DEBUG: Gave up retrying <GET http://shanghai.douban.com/events/week-others?start=10> (failed 20 times): TCP connection timed out: 60: Operation timed out.
2015-03-08 20:51:56+0800 [douban] ERROR: Error downloading <GET http://shanghai.douban.com/events/week-others?start=10>: TCP connection timed out: 60: Operation timed out.
2015-03-08 20:51:56+0800 [douban] DEBUG: Gave up retrying <GET http://guangzhou.douban.com/events/week-sports> (failed 20 times): TCP connection timed out: 60: Operation timed out.
2015-03-08 20:51:56+0800 [douban] ERROR: Error downloading <GET http://guangzhou.douban.com/events/week-sports>: TCP connection timed out: 60: Operation timed out.
2015-03-08 20:51:59+0800 [douban] DEBUG: Gave up retrying <GET http://guangzhou.douban.com/events/week-commonweal> (failed 20 times): TCP connection timed out: 60: Operation timed out.
2015-03-08 20:51:59+0800 [douban] ERROR: Error downloading <GET http://guangzhou.douban.com/events/week-commonweal>: TCP connection timed out: 60: Operation timed out.
2015-03-08 20:52:00+0800 [douban] DEBUG: Gave up retrying <GET http://guangzhou.douban.com/events/week-exhibition> (failed 20 times): TCP connection timed out: 60: Operation timed out.
2015-03-08 20:52:00+0800 [douban] ERROR: Error downloading <GET http://guangzhou.douban.com/events/week-exhibition>: TCP connection timed out: 60: Operation timed out.
2015-03-08 20:52:02+0800 [douban] DEBUG: Gave up retrying <GET http://guangzhou.douban.com/events/week-others> (failed 20 times): TCP connection timed out: 60: Operation timed out.
2015-03-08 20:52:02+0800 [douban] ERROR: Error downloading <GET http://guangzhou.douban.com/events/week-others>: TCP connection timed out: 60: Operation timed out.
2015-03-08 20:52:18+0800 [douban] DEBUG: Gave up retrying <GET http://guangzhou.douban.com/events/week-film?start=10> (failed 20 times): TCP connection timed out: 60: Operation timed out.
2015-03-08 20:52:18+0800 [douban] ERROR: Error downloading <GET http://guangzhou.douban.com/events/week-film?start=10>: TCP connection timed out: 60: Operation timed out.
2015-03-08 20:52:22+0800 [douban] INFO: Crawled 12 pages (at 3 pages/min), scraped 0 items (at 0 items/min)
2015-03-08 20:52:22+0800 [douban] DEBUG: Gave up retrying <GET http://beijing.douban.com/events/week-music> (failed 20 times): User timeout caused connection failure: Getting http://beijing.douban.com/events/week-music took longer than 180 seconds..
2015-03-08 20:52:22+0800 [douban] ERROR: Error downloading <GET http://beijing.douban.com/events/week-music>
	Traceback (most recent call last):
	  File "/Library/Frameworks/Python.framework/Versions/2.7/lib/python2.7/site-packages/twisted/internet/defer.py", line 470, in cancel
	    self.result.cancel()
	  File "/Library/Frameworks/Python.framework/Versions/2.7/lib/python2.7/site-packages/twisted/internet/defer.py", line 467, in cancel
	    self.errback(failure.Failure(CancelledError()))
	  File "/Library/Frameworks/Python.framework/Versions/2.7/lib/python2.7/site-packages/twisted/internet/defer.py", line 423, in errback
	    self._startRunCallbacks(fail)
	  File "/Library/Frameworks/Python.framework/Versions/2.7/lib/python2.7/site-packages/twisted/internet/defer.py", line 490, in _startRunCallbacks
	    self._runCallbacks()
	--- <exception caught here> ---
	  File "/Library/Frameworks/Python.framework/Versions/2.7/lib/python2.7/site-packages/twisted/internet/defer.py", line 577, in _runCallbacks
	    current.result = callback(current.result, *args, **kw)
	  File "/Library/Frameworks/Python.framework/Versions/2.7/lib/python2.7/site-packages/scrapy/core/downloader/handlers/http11.py", line 189, in _cb_timeout
	    raise TimeoutError("Getting %s took longer than %s seconds." % (url, timeout))
	twisted.internet.error.TimeoutError: User timeout caused connection failure: Getting http://beijing.douban.com/events/week-music took longer than 180 seconds..
	
2015-03-08 20:52:26+0800 [douban] DEBUG: Gave up retrying <GET http://shanghai.douban.com/events/week-travel> (failed 20 times): User timeout caused connection failure: Getting http://shanghai.douban.com/events/week-travel took longer than 180 seconds..
2015-03-08 20:52:26+0800 [douban] ERROR: Error downloading <GET http://shanghai.douban.com/events/week-travel>
	Traceback (most recent call last):
	  File "/Library/Frameworks/Python.framework/Versions/2.7/lib/python2.7/site-packages/twisted/internet/defer.py", line 490, in _startRunCallbacks
	    self._runCallbacks()
	  File "/Library/Frameworks/Python.framework/Versions/2.7/lib/python2.7/site-packages/twisted/internet/defer.py", line 577, in _runCallbacks
	    current.result = callback(current.result, *args, **kw)
	  File "/Library/Frameworks/Python.framework/Versions/2.7/lib/python2.7/site-packages/twisted/internet/defer.py", line 423, in errback
	    self._startRunCallbacks(fail)
	  File "/Library/Frameworks/Python.framework/Versions/2.7/lib/python2.7/site-packages/twisted/internet/defer.py", line 490, in _startRunCallbacks
	    self._runCallbacks()
	--- <exception caught here> ---
	  File "/Library/Frameworks/Python.framework/Versions/2.7/lib/python2.7/site-packages/twisted/internet/defer.py", line 577, in _runCallbacks
	    current.result = callback(current.result, *args, **kw)
	  File "/Library/Frameworks/Python.framework/Versions/2.7/lib/python2.7/site-packages/scrapy/core/downloader/handlers/http11.py", line 189, in _cb_timeout
	    raise TimeoutError("Getting %s took longer than %s seconds." % (url, timeout))
	twisted.internet.error.TimeoutError: User timeout caused connection failure: Getting http://shanghai.douban.com/events/week-travel took longer than 180 seconds..
	
2015-03-08 20:52:51+0800 [douban] DEBUG: Gave up retrying <GET http://guangzhou.douban.com/events/week-party?start=40> (failed 20 times): TCP connection timed out: 60: Operation timed out.
2015-03-08 20:52:51+0800 [douban] ERROR: Error downloading <GET http://guangzhou.douban.com/events/week-party?start=40>: TCP connection timed out: 60: Operation timed out.
2015-03-08 20:53:09+0800 [douban] DEBUG: Gave up retrying <GET http://guangzhou.douban.com/events/week-travel?start=20> (failed 20 times): TCP connection timed out: 60: Operation timed out.
2015-03-08 20:53:09+0800 [douban] ERROR: Error downloading <GET http://guangzhou.douban.com/events/week-travel?start=20>: TCP connection timed out: 60: Operation timed out.
2015-03-08 20:53:22+0800 [douban] INFO: Crawled 12 pages (at 0 pages/min), scraped 0 items (at 0 items/min)
2015-03-08 20:53:38+0800 [douban] DEBUG: Gave up retrying <GET http://shanghai.douban.com/events/week-salon> (failed 20 times): User timeout caused connection failure: Getting http://shanghai.douban.com/events/week-salon took longer than 180 seconds..
2015-03-08 20:53:38+0800 [douban] ERROR: Error downloading <GET http://shanghai.douban.com/events/week-salon>
	Traceback (most recent call last):
	  File "/Library/Frameworks/Python.framework/Versions/2.7/lib/python2.7/site-packages/twisted/internet/defer.py", line 470, in cancel
	    self.result.cancel()
	  File "/Library/Frameworks/Python.framework/Versions/2.7/lib/python2.7/site-packages/twisted/internet/defer.py", line 467, in cancel
	    self.errback(failure.Failure(CancelledError()))
	  File "/Library/Frameworks/Python.framework/Versions/2.7/lib/python2.7/site-packages/twisted/internet/defer.py", line 423, in errback
	    self._startRunCallbacks(fail)
	  File "/Library/Frameworks/Python.framework/Versions/2.7/lib/python2.7/site-packages/twisted/internet/defer.py", line 490, in _startRunCallbacks
	    self._runCallbacks()
	--- <exception caught here> ---
	  File "/Library/Frameworks/Python.framework/Versions/2.7/lib/python2.7/site-packages/twisted/internet/defer.py", line 577, in _runCallbacks
	    current.result = callback(current.result, *args, **kw)
	  File "/Library/Frameworks/Python.framework/Versions/2.7/lib/python2.7/site-packages/scrapy/core/downloader/handlers/http11.py", line 189, in _cb_timeout
	    raise TimeoutError("Getting %s took longer than %s seconds." % (url, timeout))
	twisted.internet.error.TimeoutError: User timeout caused connection failure: Getting http://shanghai.douban.com/events/week-salon took longer than 180 seconds..
	
2015-03-08 20:53:39+0800 [douban] DEBUG: Gave up retrying <GET http://beijing.douban.com/events/week-salon?start=10> (failed 20 times): User timeout caused connection failure: Getting http://beijing.douban.com/events/week-salon?start=10 took longer than 180 seconds..
2015-03-08 20:53:39+0800 [douban] ERROR: Error downloading <GET http://beijing.douban.com/events/week-salon?start=10>
	Traceback (most recent call last):
	  File "/Library/Frameworks/Python.framework/Versions/2.7/lib/python2.7/site-packages/twisted/internet/defer.py", line 470, in cancel
	    self.result.cancel()
	  File "/Library/Frameworks/Python.framework/Versions/2.7/lib/python2.7/site-packages/twisted/internet/defer.py", line 467, in cancel
	    self.errback(failure.Failure(CancelledError()))
	  File "/Library/Frameworks/Python.framework/Versions/2.7/lib/python2.7/site-packages/twisted/internet/defer.py", line 423, in errback
	    self._startRunCallbacks(fail)
	  File "/Library/Frameworks/Python.framework/Versions/2.7/lib/python2.7/site-packages/twisted/internet/defer.py", line 490, in _startRunCallbacks
	    self._runCallbacks()
	--- <exception caught here> ---
	  File "/Library/Frameworks/Python.framework/Versions/2.7/lib/python2.7/site-packages/twisted/internet/defer.py", line 577, in _runCallbacks
	    current.result = callback(current.result, *args, **kw)
	  File "/Library/Frameworks/Python.framework/Versions/2.7/lib/python2.7/site-packages/scrapy/core/downloader/handlers/http11.py", line 189, in _cb_timeout
	    raise TimeoutError("Getting %s took longer than %s seconds." % (url, timeout))
	twisted.internet.error.TimeoutError: User timeout caused connection failure: Getting http://beijing.douban.com/events/week-salon?start=10 took longer than 180 seconds..
	
2015-03-08 20:53:39+0800 [douban] INFO: Closing spider (finished)
2015-03-08 20:53:39+0800 [douban] INFO: Dumping Scrapy stats:
	{'downloader/exception_count': 30,
	 'downloader/exception_type_count/twisted.internet.error.ConnectionRefusedError': 4,
	 'downloader/exception_type_count/twisted.internet.error.TCPTimedOutError': 21,
	 'downloader/exception_type_count/twisted.internet.error.TimeoutError': 4,
	 'downloader/exception_type_count/twisted.web._newclient.ResponseNeverReceived': 1,
	 'downloader/request_bytes': 11773,
	 'downloader/request_count': 42,
	 'downloader/request_method_count/GET': 42,
	 'downloader/response_bytes': 160551,
	 'downloader/response_count': 12,
	 'downloader/response_status_count/200': 12,
	 'finish_reason': 'finished',
	 'finish_time': datetime.datetime(2015, 3, 8, 12, 53, 39, 66956),
	 'log_count/DEBUG': 44,
	 'log_count/ERROR': 30,
	 'log_count/INFO': 53,
	 'request_depth_max': 4,
	 'response_received_count': 12,
	 'scheduler/dequeued': 42,
	 'scheduler/dequeued/memory': 42,
	 'scheduler/enqueued': 42,
	 'scheduler/enqueued/memory': 42,
	 'start_time': datetime.datetime(2015, 3, 8, 12, 49, 22, 944677)}
2015-03-08 20:53:39+0800 [douban] INFO: Spider closed (finished)
2015-03-08 21:39:15+0800 [scrapy] INFO: Scrapy 0.24.4 started (bot: douban)
2015-03-08 21:39:15+0800 [scrapy] INFO: Optional features available: ssl, http11
2015-03-08 21:39:15+0800 [scrapy] INFO: Overridden settings: {'NEWSPIDER_MODULE': 'douban.spiders', 'SPIDER_MODULES': ['douban.spiders'], 'LOG_FILE': '/Users/batulu/PycharmProjects/douban/douban/log/douban.log', 'BOT_NAME': 'douban'}
2015-03-08 21:39:15+0800 [scrapy] INFO: Enabled extensions: LogStats, TelnetConsole, CloseSpider, WebService, CoreStats, SpiderState
2015-03-08 21:39:15+0800 [scrapy] INFO: Enabled downloader middlewares: HttpAuthMiddleware, DownloadTimeoutMiddleware, UserAgentMiddleware, CustomRetryMiddleware, ProxyMiddleware, RotateUserAgentMiddleware, DefaultHeadersMiddleware, MetaRefreshMiddleware, HttpCompressionMiddleware, RedirectMiddleware, CookiesMiddleware, ChunkedTransferMiddleware, DownloaderStats
2015-03-08 21:39:15+0800 [scrapy] INFO: Enabled spider middlewares: HttpErrorMiddleware, OffsiteMiddleware, RefererMiddleware, UrlLengthMiddleware, DepthMiddleware
2015-03-08 21:39:15+0800 [scrapy] INFO: Enabled item pipelines: 
2015-03-08 21:39:15+0800 [douban] INFO: Spider opened
2015-03-08 21:39:15+0800 [douban] INFO: Crawled 0 pages (at 0 pages/min), scraped 0 items (at 0 items/min)
2015-03-08 21:39:15+0800 [scrapy] DEBUG: Telnet console listening on 127.0.0.1:6023
2015-03-08 21:39:15+0800 [scrapy] DEBUG: Web service listening on 127.0.0.1:6080
2015-03-08 21:39:15+0800 [scrapy] NOLEVEL: Current UserAgent: Mozilla/5.0 (Windows NT 6.2) AppleWebKit/536.3 (KHTML, like Gecko) Chrome/19.0.1061.0 Safari/536.3
2015-03-08 21:39:15+0800 [scrapy] NOLEVEL: Current UserAgent: Mozilla/5.0 (Windows NT 6.1; WOW64) AppleWebKit/536.3 (KHTML, like Gecko) Chrome/19.0.1062.0 Safari/536.3
2015-03-08 21:39:15+0800 [scrapy] NOLEVEL: Current UserAgent: Mozilla/5.0 (Windows NT 6.1; WOW64) AppleWebKit/537.1 (KHTML, like Gecko) Chrome/22.0.1207.1 Safari/537.1
2015-03-08 21:39:15+0800 [scrapy] NOLEVEL: Current UserAgent: Mozilla/5.0 (Windows NT 6.1) AppleWebKit/536.3 (KHTML, like Gecko) Chrome/19.0.1061.1 Safari/536.3
2015-03-08 21:39:15+0800 [scrapy] NOLEVEL: Current UserAgent: Mozilla/5.0 (Windows NT 6.1; WOW64) AppleWebKit/536.6 (KHTML, like Gecko) Chrome/20.0.1092.0 Safari/536.6
2015-03-08 21:39:15+0800 [scrapy] NOLEVEL: Current UserAgent: Mozilla/5.0 (X11; Linux x86_64) AppleWebKit/536.5 (KHTML, like Gecko) Chrome/19.0.1084.9 Safari/536.5
2015-03-08 21:39:15+0800 [scrapy] NOLEVEL: Current UserAgent: Mozilla/5.0 (Windows NT 6.1; WOW64) AppleWebKit/536.3 (KHTML, like Gecko) Chrome/19.0.1063.0 Safari/536.3
2015-03-08 21:39:15+0800 [scrapy] NOLEVEL: Current UserAgent: Mozilla/5.0 (Windows NT 6.2) AppleWebKit/536.3 (KHTML, like Gecko) Chrome/19.0.1062.0 Safari/536.3
2015-03-08 21:39:15+0800 [scrapy] NOLEVEL: Current UserAgent: Mozilla/5.0 (Windows NT 6.0) AppleWebKit/536.5 (KHTML, like Gecko) Chrome/19.0.1084.36 Safari/536.5
2015-03-08 21:39:15+0800 [scrapy] NOLEVEL: Current UserAgent: Mozilla/5.0 (Windows NT 6.0) AppleWebKit/536.5 (KHTML, like Gecko) Chrome/19.0.1084.36 Safari/536.5
2015-03-08 21:39:15+0800 [scrapy] NOLEVEL: Current UserAgent: Mozilla/5.0 (Windows NT 6.2) AppleWebKit/536.3 (KHTML, like Gecko) Chrome/19.0.1061.0 Safari/536.3
2015-03-08 21:39:15+0800 [scrapy] NOLEVEL: Current UserAgent: Mozilla/5.0 (Windows NT 6.2; WOW64) AppleWebKit/535.24 (KHTML, like Gecko) Chrome/19.0.1055.1 Safari/535.24
2015-03-08 21:39:15+0800 [scrapy] NOLEVEL: Current UserAgent: Mozilla/5.0 (Windows NT 6.0) AppleWebKit/536.5 (KHTML, like Gecko) Chrome/19.0.1084.36 Safari/536.5
2015-03-08 21:39:15+0800 [scrapy] NOLEVEL: Current UserAgent: Mozilla/5.0 (Windows NT 6.2; WOW64) AppleWebKit/535.24 (KHTML, like Gecko) Chrome/19.0.1055.1 Safari/535.24
2015-03-08 21:39:15+0800 [scrapy] NOLEVEL: Current UserAgent: Mozilla/5.0 (Macintosh; Intel Mac OS X 10_8_0) AppleWebKit/536.3 (KHTML, like Gecko) Chrome/19.0.1063.0 Safari/536.3
2015-03-08 21:39:15+0800 [scrapy] NOLEVEL: Current UserAgent: Mozilla/5.0 (X11; CrOS i686 2268.111.0) AppleWebKit/536.11 (KHTML, like Gecko) Chrome/20.0.1132.57 Safari/536.11
2015-03-08 21:39:17+0800 [douban] DEBUG: Crawled (200) <GET http://beijing.douban.com/events/week-music> (referer: None)
2015-03-08 21:39:17+0800 [scrapy] NOLEVEL: Current UserAgent: Mozilla/5.0 (Windows NT 6.1; WOW64) AppleWebKit/536.6 (KHTML, like Gecko) Chrome/20.0.1092.0 Safari/536.6
2015-03-08 21:39:17+0800 [douban] DEBUG: Crawled (200) <GET http://shanghai.douban.com/events/week-sports> (referer: None)
2015-03-08 21:39:17+0800 [scrapy] NOLEVEL: Current UserAgent: Mozilla/5.0 (Windows NT 6.2) AppleWebKit/536.6 (KHTML, like Gecko) Chrome/20.0.1090.0 Safari/536.6
2015-03-08 21:39:20+0800 [douban] DEBUG: Crawled (200) <GET http://shanghai.douban.com/events/week-commonweal> (referer: None)
2015-03-08 21:39:20+0800 [scrapy] NOLEVEL: Current UserAgent: Mozilla/5.0 (Windows NT 6.2) AppleWebKit/536.3 (KHTML, like Gecko) Chrome/19.0.1061.0 Safari/536.3
2015-03-08 21:39:21+0800 [douban] DEBUG: Gave up retrying <GET http://beijing.douban.com/events/week-commonweal> (failed 20 times): 400 Bad Request
2015-03-08 21:39:21+0800 [douban] DEBUG: Crawled (400) <GET http://beijing.douban.com/events/week-commonweal> (referer: None) ['partial']
2015-03-08 21:39:21+0800 [scrapy] NOLEVEL: Current UserAgent: Mozilla/5.0 (Windows NT 6.2) AppleWebKit/536.3 (KHTML, like Gecko) Chrome/19.0.1062.0 Safari/536.3
2015-03-08 21:39:21+0800 [douban] DEBUG: Ignoring response <400 http://beijing.douban.com/events/week-commonweal>: HTTP status code is not handled or not allowed
2015-03-08 21:39:21+0800 [douban] DEBUG: Gave up retrying <GET http://beijing.douban.com/events/week-drama> (failed 20 times): Connection was refused by other side: 61: Connection refused.
2015-03-08 21:39:21+0800 [douban] ERROR: Error downloading <GET http://beijing.douban.com/events/week-drama>: Connection was refused by other side: 61: Connection refused.
2015-03-08 21:39:21+0800 [scrapy] NOLEVEL: Current UserAgent: Mozilla/5.0 (Windows NT 6.2) AppleWebKit/536.3 (KHTML, like Gecko) Chrome/19.0.1061.0 Safari/536.3
2015-03-08 21:39:21+0800 [douban] DEBUG: Crawled (200) <GET http://beijing.douban.com/events/week-sports> (referer: None)
2015-03-08 21:39:21+0800 [scrapy] NOLEVEL: Current UserAgent: Mozilla/5.0 (X11; CrOS i686 2268.111.0) AppleWebKit/536.11 (KHTML, like Gecko) Chrome/20.0.1132.57 Safari/536.11
2015-03-08 21:39:24+0800 [douban] DEBUG: Crawled (200) <GET http://beijing.douban.com/events/week-others> (referer: None)
2015-03-08 21:39:24+0800 [scrapy] NOLEVEL: Current UserAgent: Mozilla/5.0 (Windows NT 6.2) AppleWebKit/536.6 (KHTML, like Gecko) Chrome/20.0.1090.0 Safari/536.6
2015-03-08 21:39:24+0800 [douban] DEBUG: Crawled (200) <GET http://beijing.douban.com/events/week-exhibition> (referer: None)
2015-03-08 21:39:24+0800 [scrapy] NOLEVEL: Current UserAgent: Mozilla/5.0 (X11; CrOS i686 2268.111.0) AppleWebKit/536.11 (KHTML, like Gecko) Chrome/20.0.1132.57 Safari/536.11
2015-03-08 21:39:25+0800 [douban] DEBUG: Crawled (200) <GET http://shanghai.douban.com/events/week-music> (referer: None)
2015-03-08 21:39:25+0800 [scrapy] NOLEVEL: Current UserAgent: Mozilla/5.0 (Windows NT 6.2; WOW64) AppleWebKit/535.24 (KHTML, like Gecko) Chrome/19.0.1055.1 Safari/535.24
2015-03-08 21:39:26+0800 [douban] DEBUG: Crawled (200) <GET http://shanghai.douban.com/events/week-others> (referer: None)
2015-03-08 21:39:26+0800 [scrapy] NOLEVEL: Current UserAgent: Mozilla/5.0 (X11; Linux x86_64) AppleWebKit/536.5 (KHTML, like Gecko) Chrome/19.0.1084.9 Safari/536.5
2015-03-08 21:39:29+0800 [douban] DEBUG: Crawled (200) <GET http://beijing.douban.com/events/week-sports?start=10> (referer: http://beijing.douban.com/events/week-sports)
2015-03-08 21:39:29+0800 [scrapy] NOLEVEL: Current UserAgent: Mozilla/5.0 (Windows NT 6.2) AppleWebKit/536.6 (KHTML, like Gecko) Chrome/20.0.1090.0 Safari/536.6
2015-03-08 21:39:30+0800 [douban] DEBUG: Crawled (200) <GET http://beijing.douban.com/events/week-others?start=10> (referer: http://beijing.douban.com/events/week-others)
2015-03-08 21:39:30+0800 [scrapy] NOLEVEL: Current UserAgent: Mozilla/5.0 (Windows NT 6.2) AppleWebKit/536.3 (KHTML, like Gecko) Chrome/19.0.1061.0 Safari/536.3
2015-03-08 21:39:36+0800 [douban] DEBUG: Crawled (200) <GET http://beijing.douban.com/events/week-sports?start=20> (referer: http://beijing.douban.com/events/week-sports?start=10)
2015-03-08 21:39:36+0800 [scrapy] NOLEVEL: Current UserAgent: Mozilla/5.0 (Windows NT 6.2; WOW64) AppleWebKit/535.24 (KHTML, like Gecko) Chrome/19.0.1055.1 Safari/535.24
2015-03-08 21:39:36+0800 [douban] DEBUG: Crawled (200) <GET http://beijing.douban.com/events/week-others?start=20> (referer: http://beijing.douban.com/events/week-others?start=10)
2015-03-08 21:39:36+0800 [scrapy] NOLEVEL: Current UserAgent: Mozilla/5.0 (Windows NT 6.1; WOW64) AppleWebKit/537.1 (KHTML, like Gecko) Chrome/22.0.1207.1 Safari/537.1
2015-03-08 21:39:37+0800 [douban] DEBUG: Crawled (200) <GET http://shanghai.douban.com/events/week-music?start=10> (referer: http://shanghai.douban.com/events/week-music)
2015-03-08 21:39:37+0800 [scrapy] NOLEVEL: Current UserAgent: Mozilla/5.0 (Windows NT 6.1; WOW64) AppleWebKit/536.3 (KHTML, like Gecko) Chrome/19.0.1061.1 Safari/536.3
2015-03-08 21:39:37+0800 [douban] DEBUG: Crawled (200) <GET http://shanghai.douban.com/events/week-others?start=10> (referer: http://shanghai.douban.com/events/week-others)
2015-03-08 21:39:37+0800 [scrapy] NOLEVEL: Current UserAgent: Mozilla/5.0 (Windows NT 6.2; WOW64) AppleWebKit/535.24 (KHTML, like Gecko) Chrome/19.0.1055.1 Safari/535.24
2015-03-08 21:39:40+0800 [douban] DEBUG: Crawled (200) <GET http://shanghai.douban.com/events/week-music?start=20> (referer: http://shanghai.douban.com/events/week-music?start=10)
2015-03-08 21:39:40+0800 [scrapy] NOLEVEL: Current UserAgent: Mozilla/5.0 (Windows NT 6.1; WOW64) AppleWebKit/536.6 (KHTML, like Gecko) Chrome/20.0.1092.0 Safari/536.6
2015-03-08 21:39:40+0800 [douban] DEBUG: Gave up retrying <GET http://shanghai.douban.com/events/week-others?start=20> (failed 20 times): Connection was refused by other side: 61: Connection refused.
2015-03-08 21:39:40+0800 [scrapy] NOLEVEL: Current UserAgent: Mozilla/5.0 (Windows NT 5.1) AppleWebKit/536.3 (KHTML, like Gecko) Chrome/19.0.1063.0 Safari/536.3
2015-03-08 21:39:40+0800 [douban] ERROR: Error downloading <GET http://shanghai.douban.com/events/week-others?start=20>: Connection was refused by other side: 61: Connection refused.
2015-03-08 21:39:49+0800 [douban] DEBUG: Crawled (200) <GET http://beijing.douban.com/events/week-travel> (referer: None)
2015-03-08 21:39:49+0800 [scrapy] NOLEVEL: Current UserAgent: Mozilla/5.0 (Windows NT 6.1; WOW64) AppleWebKit/537.1 (KHTML, like Gecko) Chrome/22.0.1207.1 Safari/537.1
2015-03-08 21:39:51+0800 [douban] DEBUG: Crawled (200) <GET http://shanghai.douban.com/events/week-commonweal?start=10> (referer: http://shanghai.douban.com/events/week-commonweal)
2015-03-08 21:39:51+0800 [scrapy] NOLEVEL: Current UserAgent: Mozilla/5.0 (Macintosh; Intel Mac OS X 10_8_0) AppleWebKit/536.3 (KHTML, like Gecko) Chrome/19.0.1063.0 Safari/536.3
2015-03-08 21:40:10+0800 [douban] DEBUG: Crawled (200) <GET http://beijing.douban.com/events/week-party> (referer: None)
2015-03-08 21:40:10+0800 [scrapy] NOLEVEL: Current UserAgent: Mozilla/5.0 (Windows NT 6.1; WOW64) AppleWebKit/536.3 (KHTML, like Gecko) Chrome/19.0.1063.0 Safari/536.3
2015-03-08 21:40:15+0800 [douban] INFO: Crawled 19 pages (at 19 pages/min), scraped 0 items (at 0 items/min)
2015-03-08 21:40:18+0800 [douban] DEBUG: Crawled (200) <GET http://beijing.douban.com/events/week-music?start=10> (referer: http://beijing.douban.com/events/week-music)
2015-03-08 21:40:18+0800 [scrapy] NOLEVEL: Current UserAgent: Mozilla/5.0 (Windows NT 6.2) AppleWebKit/536.6 (KHTML, like Gecko) Chrome/20.0.1090.0 Safari/536.6
2015-03-08 21:40:31+0800 [douban] DEBUG: Gave up retrying <GET http://shanghai.douban.com/events/week-drama> (failed 20 times): TCP connection timed out: 60: Operation timed out.
2015-03-08 21:40:31+0800 [scrapy] NOLEVEL: Current UserAgent: Mozilla/5.0 (Windows NT 6.1; WOW64) AppleWebKit/536.3 (KHTML, like Gecko) Chrome/19.0.1061.1 Safari/536.3
2015-03-08 21:40:32+0800 [douban] ERROR: Error downloading <GET http://shanghai.douban.com/events/week-drama>: TCP connection timed out: 60: Operation timed out.
2015-03-08 21:40:32+0800 [douban] DEBUG: Gave up retrying <GET http://shanghai.douban.com/events/week-commonweal?start=20> (failed 20 times): 400 Bad Request
2015-03-08 21:40:32+0800 [douban] DEBUG: Crawled (400) <GET http://shanghai.douban.com/events/week-commonweal?start=20> (referer: http://shanghai.douban.com/events/week-commonweal?start=10) ['partial']
2015-03-08 21:40:32+0800 [douban] DEBUG: Ignoring response <400 http://shanghai.douban.com/events/week-commonweal?start=20>: HTTP status code is not handled or not allowed
2015-03-08 21:40:32+0800 [scrapy] NOLEVEL: Current UserAgent: Mozilla/5.0 (X11; Linux x86_64) AppleWebKit/535.24 (KHTML, like Gecko) Chrome/19.0.1055.1 Safari/535.24
2015-03-08 21:40:32+0800 [douban] DEBUG: Crawled (200) <GET http://beijing.douban.com/events/week-music?start=20> (referer: http://beijing.douban.com/events/week-music?start=10)
2015-03-08 21:40:32+0800 [scrapy] NOLEVEL: Current UserAgent: Mozilla/5.0 (Windows NT 6.0) AppleWebKit/536.5 (KHTML, like Gecko) Chrome/19.0.1084.36 Safari/536.5
2015-03-08 21:40:32+0800 [douban] DEBUG: Crawled (200) <GET http://guangzhou.douban.com/events/week-music> (referer: None)
2015-03-08 21:40:32+0800 [scrapy] NOLEVEL: Current UserAgent: Mozilla/5.0 (Windows NT 5.1) AppleWebKit/536.3 (KHTML, like Gecko) Chrome/19.0.1063.0 Safari/536.3
2015-03-08 21:40:34+0800 [douban] DEBUG: Gave up retrying <GET http://shanghai.douban.com/events/week-travel> (failed 20 times): TCP connection timed out: 60: Operation timed out.
2015-03-08 21:40:34+0800 [scrapy] NOLEVEL: Current UserAgent: Mozilla/5.0 (Macintosh; Intel Mac OS X 10_8_0) AppleWebKit/536.3 (KHTML, like Gecko) Chrome/19.0.1063.0 Safari/536.3
2015-03-08 21:40:34+0800 [douban] ERROR: Error downloading <GET http://shanghai.douban.com/events/week-travel>: TCP connection timed out: 60: Operation timed out.
2015-03-08 21:40:36+0800 [douban] DEBUG: Gave up retrying <GET http://shanghai.douban.com/events/week-exhibition> (failed 20 times): TCP connection timed out: 60: Operation timed out.
2015-03-08 21:40:36+0800 [douban] ERROR: Error downloading <GET http://shanghai.douban.com/events/week-exhibition>: TCP connection timed out: 60: Operation timed out.
2015-03-08 21:40:36+0800 [scrapy] NOLEVEL: Current UserAgent: Mozilla/5.0 (Windows NT 6.2; WOW64) AppleWebKit/535.24 (KHTML, like Gecko) Chrome/19.0.1055.1 Safari/535.24
2015-03-08 21:40:37+0800 [douban] DEBUG: Gave up retrying <GET http://shanghai.douban.com/events/week-party> (failed 20 times): TCP connection timed out: 60: Operation timed out.
2015-03-08 21:40:37+0800 [douban] ERROR: Error downloading <GET http://shanghai.douban.com/events/week-party>: TCP connection timed out: 60: Operation timed out.
2015-03-08 21:40:37+0800 [scrapy] NOLEVEL: Current UserAgent: Mozilla/5.0 (Windows NT 6.1; WOW64) AppleWebKit/536.6 (KHTML, like Gecko) Chrome/20.0.1092.0 Safari/536.6
2015-03-08 21:40:38+0800 [douban] DEBUG: Gave up retrying <GET http://guangzhou.douban.com/events/week-travel> (failed 20 times): Connection was refused by other side: 61: Connection refused.
2015-03-08 21:40:38+0800 [douban] ERROR: Error downloading <GET http://guangzhou.douban.com/events/week-travel>: Connection was refused by other side: 61: Connection refused.
2015-03-08 21:40:38+0800 [scrapy] NOLEVEL: Current UserAgent: Mozilla/5.0 (X11; Linux x86_64) AppleWebKit/535.24 (KHTML, like Gecko) Chrome/19.0.1055.1 Safari/535.24
2015-03-08 21:40:39+0800 [douban] DEBUG: Gave up retrying <GET http://shanghai.douban.com/events/week-sports?start=10> (failed 20 times): TCP connection timed out: 60: Operation timed out.
2015-03-08 21:40:39+0800 [douban] ERROR: Error downloading <GET http://shanghai.douban.com/events/week-sports?start=10>: TCP connection timed out: 60: Operation timed out.
2015-03-08 21:40:39+0800 [scrapy] NOLEVEL: Current UserAgent: Mozilla/5.0 (Windows NT 6.2; WOW64) AppleWebKit/537.1 (KHTML, like Gecko) Chrome/19.77.34.5 Safari/537.1
2015-03-08 21:40:40+0800 [douban] DEBUG: Crawled (200) <GET http://guangzhou.douban.com/events/week-commonweal> (referer: None)
2015-03-08 21:40:40+0800 [scrapy] NOLEVEL: Current UserAgent: Mozilla/5.0 (Windows NT 6.0) AppleWebKit/536.5 (KHTML, like Gecko) Chrome/19.0.1084.36 Safari/536.5
2015-03-08 21:40:41+0800 [douban] DEBUG: Gave up retrying <GET http://beijing.douban.com/events/week-salon> (failed 20 times): TCP connection timed out: 60: Operation timed out.
2015-03-08 21:40:41+0800 [scrapy] NOLEVEL: Current UserAgent: Mozilla/5.0 (Windows NT 6.2; WOW64) AppleWebKit/537.1 (KHTML, like Gecko) Chrome/19.77.34.5 Safari/537.1
2015-03-08 21:40:41+0800 [douban] ERROR: Error downloading <GET http://beijing.douban.com/events/week-salon>: TCP connection timed out: 60: Operation timed out.
2015-03-08 21:40:41+0800 [douban] DEBUG: Crawled (200) <GET http://guangzhou.douban.com/events/week-exhibition> (referer: None)
2015-03-08 21:40:41+0800 [scrapy] NOLEVEL: Current UserAgent: Mozilla/5.0 (Windows NT 6.1; WOW64) AppleWebKit/536.3 (KHTML, like Gecko) Chrome/19.0.1062.0 Safari/536.3
2015-03-08 21:40:42+0800 [douban] DEBUG: Gave up retrying <GET http://beijing.douban.com/events/week-film> (failed 20 times): TCP connection timed out: 60: Operation timed out.
2015-03-08 21:40:42+0800 [scrapy] NOLEVEL: Current UserAgent: Mozilla/5.0 (Macintosh; Intel Mac OS X 10_8_0) AppleWebKit/536.3 (KHTML, like Gecko) Chrome/19.0.1063.0 Safari/536.3
2015-03-08 21:40:42+0800 [douban] ERROR: Error downloading <GET http://beijing.douban.com/events/week-film>: TCP connection timed out: 60: Operation timed out.
2015-03-08 21:40:47+0800 [douban] DEBUG: Gave up retrying <GET http://beijing.douban.com/events/week-exhibition?start=10> (failed 20 times): TCP connection timed out: 60: Operation timed out.
2015-03-08 21:40:47+0800 [douban] ERROR: Error downloading <GET http://beijing.douban.com/events/week-exhibition?start=10>: TCP connection timed out: 60: Operation timed out.
2015-03-08 21:40:47+0800 [scrapy] NOLEVEL: Current UserAgent: Mozilla/5.0 (Windows NT 5.1) AppleWebKit/536.3 (KHTML, like Gecko) Chrome/19.0.1063.0 Safari/536.3
2015-03-08 21:40:47+0800 [douban] DEBUG: Crawled (200) <GET http://guangzhou.douban.com/events/week-salon> (referer: None)
2015-03-08 21:40:47+0800 [scrapy] NOLEVEL: Current UserAgent: Mozilla/5.0 (Windows NT 6.1) AppleWebKit/536.3 (KHTML, like Gecko) Chrome/19.0.1061.1 Safari/536.3
2015-03-08 21:40:49+0800 [douban] DEBUG: Gave up retrying <GET http://guangzhou.douban.com/events/week-party> (failed 20 times): Connection was refused by other side: 61: Connection refused.
2015-03-08 21:40:49+0800 [scrapy] NOLEVEL: Current UserAgent: Mozilla/5.0 (Windows NT 6.0) AppleWebKit/536.5 (KHTML, like Gecko) Chrome/19.0.1084.36 Safari/536.5
2015-03-08 21:40:49+0800 [douban] ERROR: Error downloading <GET http://guangzhou.douban.com/events/week-party>: Connection was refused by other side: 61: Connection refused.
2015-03-08 21:40:50+0800 [douban] DEBUG: Crawled (200) <GET http://guangzhou.douban.com/events/week-film> (referer: None)
2015-03-08 21:40:50+0800 [scrapy] NOLEVEL: Current UserAgent: Mozilla/5.0 (Windows NT 6.0) AppleWebKit/536.5 (KHTML, like Gecko) Chrome/19.0.1084.36 Safari/536.5
2015-03-08 21:40:50+0800 [douban] DEBUG: Gave up retrying <GET http://guangzhou.douban.com/events/week-film?start=10> (failed 20 times): Connection was refused by other side: 61: Connection refused.
2015-03-08 21:40:50+0800 [douban] ERROR: Error downloading <GET http://guangzhou.douban.com/events/week-film?start=10>: Connection was refused by other side: 61: Connection refused.
2015-03-08 21:40:53+0800 [douban] DEBUG: Gave up retrying <GET http://beijing.douban.com/events/week-sports?start=30> (failed 20 times): TCP connection timed out: 60: Operation timed out.
2015-03-08 21:40:53+0800 [douban] ERROR: Error downloading <GET http://beijing.douban.com/events/week-sports?start=30>: TCP connection timed out: 60: Operation timed out.
2015-03-08 21:40:55+0800 [douban] DEBUG: Gave up retrying <GET http://beijing.douban.com/events/week-others?start=30> (failed 20 times): TCP connection timed out: 60: Operation timed out.
2015-03-08 21:40:55+0800 [douban] ERROR: Error downloading <GET http://beijing.douban.com/events/week-others?start=30>: TCP connection timed out: 60: Operation timed out.
2015-03-08 21:40:55+0800 [douban] DEBUG: Crawled (200) <GET http://guangzhou.douban.com/events/week-commonweal?start=10> (referer: http://guangzhou.douban.com/events/week-commonweal)
2015-03-08 21:40:55+0800 [scrapy] NOLEVEL: Current UserAgent: Mozilla/5.0 (Windows NT 6.1; WOW64) AppleWebKit/536.3 (KHTML, like Gecko) Chrome/19.0.1061.1 Safari/536.3
2015-03-08 21:40:58+0800 [douban] DEBUG: Gave up retrying <GET http://shanghai.douban.com/events/week-music?start=30> (failed 20 times): TCP connection timed out: 60: Operation timed out.
2015-03-08 21:40:58+0800 [douban] ERROR: Error downloading <GET http://shanghai.douban.com/events/week-music?start=30>: TCP connection timed out: 60: Operation timed out.
2015-03-08 21:41:07+0800 [douban] DEBUG: Gave up retrying <GET http://beijing.douban.com/events/week-travel?start=10> (failed 20 times): TCP connection timed out: 60: Operation timed out.
2015-03-08 21:41:07+0800 [douban] DEBUG: Gave up retrying <GET http://shanghai.douban.com/events/week-film> (failed 20 times): TCP connection timed out: 60: Operation timed out.
2015-03-08 21:41:07+0800 [douban] ERROR: Error downloading <GET http://beijing.douban.com/events/week-travel?start=10>: TCP connection timed out: 60: Operation timed out.
2015-03-08 21:41:07+0800 [douban] ERROR: Error downloading <GET http://shanghai.douban.com/events/week-film>: TCP connection timed out: 60: Operation timed out.
2015-03-08 21:41:15+0800 [douban] INFO: Crawled 28 pages (at 9 pages/min), scraped 0 items (at 0 items/min)
2015-03-08 21:41:25+0800 [douban] DEBUG: Crawled (200) <GET http://guangzhou.douban.com/events/week-commonweal?start=20> (referer: http://guangzhou.douban.com/events/week-commonweal?start=10)
2015-03-08 21:41:25+0800 [scrapy] NOLEVEL: Current UserAgent: Mozilla/5.0 (Windows NT 6.2) AppleWebKit/536.3 (KHTML, like Gecko) Chrome/19.0.1062.0 Safari/536.3
2015-03-08 21:41:25+0800 [douban] DEBUG: Gave up retrying <GET http://guangzhou.douban.com/events/week-commonweal?start=30> (failed 20 times): Connection was refused by other side: 61: Connection refused.
2015-03-08 21:41:25+0800 [douban] ERROR: Error downloading <GET http://guangzhou.douban.com/events/week-commonweal?start=30>: Connection was refused by other side: 61: Connection refused.
2015-03-08 21:41:34+0800 [douban] DEBUG: Gave up retrying <GET http://beijing.douban.com/events/week-party?start=10> (failed 20 times): TCP connection timed out: 60: Operation timed out.
2015-03-08 21:41:34+0800 [douban] ERROR: Error downloading <GET http://beijing.douban.com/events/week-party?start=10>: TCP connection timed out: 60: Operation timed out.
2015-03-08 21:41:49+0800 [douban] DEBUG: Gave up retrying <GET http://beijing.douban.com/events/week-music?start=30> (failed 20 times): TCP connection timed out: 60: Operation timed out.
2015-03-08 21:41:49+0800 [douban] ERROR: Error downloading <GET http://beijing.douban.com/events/week-music?start=30>: TCP connection timed out: 60: Operation timed out.
2015-03-08 21:41:49+0800 [douban] DEBUG: Gave up retrying <GET http://guangzhou.douban.com/events/week-drama> (failed 20 times): TCP connection timed out: 60: Operation timed out.
2015-03-08 21:41:49+0800 [douban] ERROR: Error downloading <GET http://guangzhou.douban.com/events/week-drama>: TCP connection timed out: 60: Operation timed out.
2015-03-08 21:41:51+0800 [douban] DEBUG: Gave up retrying <GET http://guangzhou.douban.com/events/week-music?start=10> (failed 20 times): TCP connection timed out: 60: Operation timed out.
2015-03-08 21:41:51+0800 [douban] ERROR: Error downloading <GET http://guangzhou.douban.com/events/week-music?start=10>: TCP connection timed out: 60: Operation timed out.
2015-03-08 21:41:52+0800 [douban] DEBUG: Gave up retrying <GET http://guangzhou.douban.com/events/week-sports> (failed 20 times): TCP connection timed out: 60: Operation timed out.
2015-03-08 21:41:52+0800 [douban] ERROR: Error downloading <GET http://guangzhou.douban.com/events/week-sports>: TCP connection timed out: 60: Operation timed out.
2015-03-08 21:42:00+0800 [douban] DEBUG: Gave up retrying <GET http://guangzhou.douban.com/events/week-others> (failed 20 times): TCP connection timed out: 60: Operation timed out.
2015-03-08 21:42:00+0800 [douban] ERROR: Error downloading <GET http://guangzhou.douban.com/events/week-others>: TCP connection timed out: 60: Operation timed out.
2015-03-08 21:42:01+0800 [douban] DEBUG: Gave up retrying <GET http://guangzhou.douban.com/events/week-exhibition?start=10> (failed 20 times): TCP connection timed out: 60: Operation timed out.
2015-03-08 21:42:01+0800 [douban] ERROR: Error downloading <GET http://guangzhou.douban.com/events/week-exhibition?start=10>: TCP connection timed out: 60: Operation timed out.
2015-03-08 21:42:05+0800 [douban] DEBUG: Gave up retrying <GET http://guangzhou.douban.com/events/week-salon?start=10> (failed 20 times): TCP connection timed out: 60: Operation timed out.
2015-03-08 21:42:05+0800 [douban] ERROR: Error downloading <GET http://guangzhou.douban.com/events/week-salon?start=10>: TCP connection timed out: 60: Operation timed out.
2015-03-08 21:42:15+0800 [douban] INFO: Crawled 29 pages (at 1 pages/min), scraped 0 items (at 0 items/min)
2015-03-08 21:42:27+0800 [douban] DEBUG: Gave up retrying <GET http://shanghai.douban.com/events/week-salon> (failed 20 times): User timeout caused connection failure: Getting http://shanghai.douban.com/events/week-salon took longer than 180 seconds..
2015-03-08 21:42:27+0800 [douban] ERROR: Error downloading <GET http://shanghai.douban.com/events/week-salon>
	Traceback (most recent call last):
	  File "/Library/Frameworks/Python.framework/Versions/2.7/lib/python2.7/site-packages/twisted/internet/defer.py", line 470, in cancel
	    self.result.cancel()
	  File "/Library/Frameworks/Python.framework/Versions/2.7/lib/python2.7/site-packages/twisted/internet/defer.py", line 467, in cancel
	    self.errback(failure.Failure(CancelledError()))
	  File "/Library/Frameworks/Python.framework/Versions/2.7/lib/python2.7/site-packages/twisted/internet/defer.py", line 423, in errback
	    self._startRunCallbacks(fail)
	  File "/Library/Frameworks/Python.framework/Versions/2.7/lib/python2.7/site-packages/twisted/internet/defer.py", line 490, in _startRunCallbacks
	    self._runCallbacks()
	--- <exception caught here> ---
	  File "/Library/Frameworks/Python.framework/Versions/2.7/lib/python2.7/site-packages/twisted/internet/defer.py", line 577, in _runCallbacks
	    current.result = callback(current.result, *args, **kw)
	  File "/Library/Frameworks/Python.framework/Versions/2.7/lib/python2.7/site-packages/scrapy/core/downloader/handlers/http11.py", line 189, in _cb_timeout
	    raise TimeoutError("Getting %s took longer than %s seconds." % (url, timeout))
	twisted.internet.error.TimeoutError: User timeout caused connection failure: Getting http://shanghai.douban.com/events/week-salon took longer than 180 seconds..
	
2015-03-08 21:42:27+0800 [douban] INFO: Closing spider (finished)
2015-03-08 21:42:27+0800 [douban] INFO: Dumping Scrapy stats:
	{'downloader/exception_count': 28,
	 'downloader/exception_type_count/twisted.internet.error.ConnectionRefusedError': 6,
	 'downloader/exception_type_count/twisted.internet.error.TCPTimedOutError': 21,
	 'downloader/exception_type_count/twisted.internet.error.TimeoutError': 1,
	 'downloader/request_bytes': 16985,
	 'downloader/request_count': 57,
	 'downloader/request_method_count/GET': 57,
	 'downloader/response_bytes': 268205,
	 'downloader/response_count': 29,
	 'downloader/response_status_count/200': 27,
	 'downloader/response_status_count/400': 2,
	 'finish_reason': 'finished',
	 'finish_time': datetime.datetime(2015, 3, 8, 13, 42, 27, 397352),
	 'log_count/DEBUG': 63,
	 'log_count/ERROR': 28,
	 'log_count/INFO': 67,
	 'request_depth_max': 3,
	 'response_received_count': 29,
	 'scheduler/dequeued': 57,
	 'scheduler/dequeued/memory': 57,
	 'scheduler/enqueued': 57,
	 'scheduler/enqueued/memory': 57,
	 'start_time': datetime.datetime(2015, 3, 8, 13, 39, 15, 204365)}
2015-03-08 21:42:27+0800 [douban] INFO: Spider closed (finished)
